The system is: Linux - 2.6.32-279.22.1.el6.x86_64 - x86_64
Compiling the CXX compiler identification source file "CMakeCXXCompilerId.cpp" succeeded.
Compiler: /cm/shared/apps/gcc/4.8.1/bin/c++ 
Build flags: 
Id flags: 

The output was:
0


Compilation of the CXX compiler identification source "CMakeCXXCompilerId.cpp" produced "a.out"

The CXX compiler identification is GNU, found in "/home/ulg/info0939/mhoubart/Integrated_project/test_boman/math0471/build/CMakeFiles/3.5.2/CompilerIdCXX/a.out"

Determining if the CXX compiler works passed with the following output:
Change Dir: /home/ulg/info0939/mhoubart/Integrated_project/test_boman/math0471/build/CMakeFiles/CMakeTmp

Run Build Command:"/usr/bin/gmake" "cmTC_4e95d/fast"
/usr/bin/gmake -f CMakeFiles/cmTC_4e95d.dir/build.make CMakeFiles/cmTC_4e95d.dir/build
gmake[1]: Entering directory `/home/users/m/h/mhoubart/Integrated_project/test_boman/math0471/build/CMakeFiles/CMakeTmp'
Building CXX object CMakeFiles/cmTC_4e95d.dir/testCXXCompiler.cxx.o
/cm/shared/apps/gcc/4.8.1/bin/c++      -o CMakeFiles/cmTC_4e95d.dir/testCXXCompiler.cxx.o -c /home/ulg/info0939/mhoubart/Integrated_project/test_boman/math0471/build/CMakeFiles/CMakeTmp/testCXXCompiler.cxx
Linking CXX executable cmTC_4e95d
/cm/shared/apps/cmake/3.5.2/bin/cmake -E cmake_link_script CMakeFiles/cmTC_4e95d.dir/link.txt --verbose=1
/cm/shared/apps/gcc/4.8.1/bin/c++        CMakeFiles/cmTC_4e95d.dir/testCXXCompiler.cxx.o  -o cmTC_4e95d -rdynamic 
gmake[1]: Leaving directory `/home/users/m/h/mhoubart/Integrated_project/test_boman/math0471/build/CMakeFiles/CMakeTmp'


Detecting CXX compiler ABI info compiled with the following output:
Change Dir: /home/ulg/info0939/mhoubart/Integrated_project/test_boman/math0471/build/CMakeFiles/CMakeTmp

Run Build Command:"/usr/bin/gmake" "cmTC_d1f83/fast"
/usr/bin/gmake -f CMakeFiles/cmTC_d1f83.dir/build.make CMakeFiles/cmTC_d1f83.dir/build
gmake[1]: Entering directory `/home/users/m/h/mhoubart/Integrated_project/test_boman/math0471/build/CMakeFiles/CMakeTmp'
Building CXX object CMakeFiles/cmTC_d1f83.dir/CMakeCXXCompilerABI.cpp.o
/cm/shared/apps/gcc/4.8.1/bin/c++      -o CMakeFiles/cmTC_d1f83.dir/CMakeCXXCompilerABI.cpp.o -c /cm/shared/apps/cmake/3.5.2/share/cmake-3.5/Modules/CMakeCXXCompilerABI.cpp
Linking CXX executable cmTC_d1f83
/cm/shared/apps/cmake/3.5.2/bin/cmake -E cmake_link_script CMakeFiles/cmTC_d1f83.dir/link.txt --verbose=1
/cm/shared/apps/gcc/4.8.1/bin/c++       -v CMakeFiles/cmTC_d1f83.dir/CMakeCXXCompilerABI.cpp.o  -o cmTC_d1f83 -rdynamic  
Using built-in specs.
COLLECT_GCC=/cm/shared/apps/gcc/4.8.1/bin/c++
COLLECT_LTO_WRAPPER=/cm/shared/apps/gcc/4.8.1/libexec/gcc/x86_64-unknown-linux-gnu/4.8.1/lto-wrapper
Target: x86_64-unknown-linux-gnu
Configured with: ../gcc-4.8.1/configure --prefix=/cm/shared/apps/gcc/4.8.1 --enable-languages=c,c++,fortran --with-gmp-include=/usr/src/redhat/BUILD/gcc-4.8.1-obj/../gcc-4.8.1/our-gmp --with-gmp-lib=/usr/src/redhat/BUILD/gcc-4.8.1-obj/../gcc-4.8.1/our-gmp --with-mpc-include=/usr/src/redhat/BUILD/gcc-4.8.1-obj/../gcc-4.8.1/our-mpc/src --with-mpc-lib=/usr/src/redhat/BUILD/gcc-4.8.1-obj/../gcc-4.8.1/our-mpc/src/.libs --with-mpfr-include=/usr/src/redhat/BUILD/gcc-4.8.1-obj/../gcc-4.8.1/our-mpfr/src --with-mpfr-lib=/usr/src/redhat/BUILD/gcc-4.8.1-obj/../gcc-4.8.1/our-mpfr/src/.libs
Thread model: posix
gcc version 4.8.1 (GCC) 
COMPILER_PATH=/cm/shared/apps/gcc/4.8.1/libexec/gcc/x86_64-unknown-linux-gnu/4.8.1/:/cm/shared/apps/gcc/4.8.1/libexec/gcc/x86_64-unknown-linux-gnu/4.8.1/:/cm/shared/apps/gcc/4.8.1/libexec/gcc/x86_64-unknown-linux-gnu/:/cm/shared/apps/gcc/4.8.1/lib/gcc/x86_64-unknown-linux-gnu/4.8.1/:/cm/shared/apps/gcc/4.8.1/lib/gcc/x86_64-unknown-linux-gnu/
LIBRARY_PATH=/cm/shared/apps/git/2.16.2/lib64/../lib64/:/cm/shared/apps/slurm/14.03.11/lib64/../lib64/:/cm/shared/apps/gcc/4.8.1/lib/gcc/x86_64-unknown-linux-gnu/4.8.1/:/cm/shared/apps/gcc/4.8.1/lib/gcc/x86_64-unknown-linux-gnu/4.8.1/../../../../lib64/:/lib/../lib64/:/usr/lib/../lib64/:/cm/shared/apps/git/2.16.2/lib64/:/cm/shared/apps/slurm/14.03.11/lib64/slurm/:/cm/shared/apps/slurm/14.03.11/lib64/:/cm/shared/apps/gcc/4.8.1/lib/gcc/x86_64-unknown-linux-gnu/4.8.1/../../../:/lib/:/usr/lib/
COLLECT_GCC_OPTIONS='-v' '-o' 'cmTC_d1f83' '-rdynamic' '-shared-libgcc' '-mtune=generic' '-march=x86-64'
 /cm/shared/apps/gcc/4.8.1/libexec/gcc/x86_64-unknown-linux-gnu/4.8.1/collect2 --eh-frame-hdr -m elf_x86_64 -export-dynamic -dynamic-linker /lib64/ld-linux-x86-64.so.2 -o cmTC_d1f83 /usr/lib/../lib64/crt1.o /usr/lib/../lib64/crti.o /cm/shared/apps/gcc/4.8.1/lib/gcc/x86_64-unknown-linux-gnu/4.8.1/crtbegin.o -L/cm/shared/apps/git/2.16.2/lib64/../lib64 -L/cm/shared/apps/slurm/14.03.11/lib64/../lib64 -L/cm/shared/apps/gcc/4.8.1/lib/gcc/x86_64-unknown-linux-gnu/4.8.1 -L/cm/shared/apps/gcc/4.8.1/lib/gcc/x86_64-unknown-linux-gnu/4.8.1/../../../../lib64 -L/lib/../lib64 -L/usr/lib/../lib64 -L/cm/shared/apps/git/2.16.2/lib64 -L/cm/shared/apps/slurm/14.03.11/lib64/slurm -L/cm/shared/apps/slurm/14.03.11/lib64 -L/cm/shared/apps/gcc/4.8.1/lib/gcc/x86_64-unknown-linux-gnu/4.8.1/../../.. CMakeFiles/cmTC_d1f83.dir/CMakeCXXCompilerABI.cpp.o -lstdc++ -lm -lgcc_s -lgcc -lc -lgcc_s -lgcc /cm/shared/apps/gcc/4.8.1/lib/gcc/x86_64-unknown-linux-gnu/4.8.1/crtend.o /usr/lib/../lib64/crtn.o
gmake[1]: Leaving directory `/home/users/m/h/mhoubart/Integrated_project/test_boman/math0471/build/CMakeFiles/CMakeTmp'


Parsed CXX implicit link information from above output:
  link line regex: [^( *|.*[/\])(ld|([^/\]+-)?ld|collect2)[^/\]*( |$)]
  ignore line: [Change Dir: /home/ulg/info0939/mhoubart/Integrated_project/test_boman/math0471/build/CMakeFiles/CMakeTmp]
  ignore line: []
  ignore line: [Run Build Command:"/usr/bin/gmake" "cmTC_d1f83/fast"]
  ignore line: [/usr/bin/gmake -f CMakeFiles/cmTC_d1f83.dir/build.make CMakeFiles/cmTC_d1f83.dir/build]
  ignore line: [gmake[1]: Entering directory `/home/users/m/h/mhoubart/Integrated_project/test_boman/math0471/build/CMakeFiles/CMakeTmp']
  ignore line: [Building CXX object CMakeFiles/cmTC_d1f83.dir/CMakeCXXCompilerABI.cpp.o]
  ignore line: [/cm/shared/apps/gcc/4.8.1/bin/c++      -o CMakeFiles/cmTC_d1f83.dir/CMakeCXXCompilerABI.cpp.o -c /cm/shared/apps/cmake/3.5.2/share/cmake-3.5/Modules/CMakeCXXCompilerABI.cpp]
  ignore line: [Linking CXX executable cmTC_d1f83]
  ignore line: [/cm/shared/apps/cmake/3.5.2/bin/cmake -E cmake_link_script CMakeFiles/cmTC_d1f83.dir/link.txt --verbose=1]
  ignore line: [/cm/shared/apps/gcc/4.8.1/bin/c++       -v CMakeFiles/cmTC_d1f83.dir/CMakeCXXCompilerABI.cpp.o  -o cmTC_d1f83 -rdynamic  ]
  ignore line: [Using built-in specs.]
  ignore line: [COLLECT_GCC=/cm/shared/apps/gcc/4.8.1/bin/c++]
  ignore line: [COLLECT_LTO_WRAPPER=/cm/shared/apps/gcc/4.8.1/libexec/gcc/x86_64-unknown-linux-gnu/4.8.1/lto-wrapper]
  ignore line: [Target: x86_64-unknown-linux-gnu]
  ignore line: [Configured with: ../gcc-4.8.1/configure --prefix=/cm/shared/apps/gcc/4.8.1 --enable-languages=c,c++,fortran --with-gmp-include=/usr/src/redhat/BUILD/gcc-4.8.1-obj/../gcc-4.8.1/our-gmp --with-gmp-lib=/usr/src/redhat/BUILD/gcc-4.8.1-obj/../gcc-4.8.1/our-gmp --with-mpc-include=/usr/src/redhat/BUILD/gcc-4.8.1-obj/../gcc-4.8.1/our-mpc/src --with-mpc-lib=/usr/src/redhat/BUILD/gcc-4.8.1-obj/../gcc-4.8.1/our-mpc/src/.libs --with-mpfr-include=/usr/src/redhat/BUILD/gcc-4.8.1-obj/../gcc-4.8.1/our-mpfr/src --with-mpfr-lib=/usr/src/redhat/BUILD/gcc-4.8.1-obj/../gcc-4.8.1/our-mpfr/src/.libs]
  ignore line: [Thread model: posix]
  ignore line: [gcc version 4.8.1 (GCC) ]
  ignore line: [COMPILER_PATH=/cm/shared/apps/gcc/4.8.1/libexec/gcc/x86_64-unknown-linux-gnu/4.8.1/:/cm/shared/apps/gcc/4.8.1/libexec/gcc/x86_64-unknown-linux-gnu/4.8.1/:/cm/shared/apps/gcc/4.8.1/libexec/gcc/x86_64-unknown-linux-gnu/:/cm/shared/apps/gcc/4.8.1/lib/gcc/x86_64-unknown-linux-gnu/4.8.1/:/cm/shared/apps/gcc/4.8.1/lib/gcc/x86_64-unknown-linux-gnu/]
  ignore line: [LIBRARY_PATH=/cm/shared/apps/git/2.16.2/lib64/../lib64/:/cm/shared/apps/slurm/14.03.11/lib64/../lib64/:/cm/shared/apps/gcc/4.8.1/lib/gcc/x86_64-unknown-linux-gnu/4.8.1/:/cm/shared/apps/gcc/4.8.1/lib/gcc/x86_64-unknown-linux-gnu/4.8.1/../../../../lib64/:/lib/../lib64/:/usr/lib/../lib64/:/cm/shared/apps/git/2.16.2/lib64/:/cm/shared/apps/slurm/14.03.11/lib64/slurm/:/cm/shared/apps/slurm/14.03.11/lib64/:/cm/shared/apps/gcc/4.8.1/lib/gcc/x86_64-unknown-linux-gnu/4.8.1/../../../:/lib/:/usr/lib/]
  ignore line: [COLLECT_GCC_OPTIONS='-v' '-o' 'cmTC_d1f83' '-rdynamic' '-shared-libgcc' '-mtune=generic' '-march=x86-64']
  link line: [ /cm/shared/apps/gcc/4.8.1/libexec/gcc/x86_64-unknown-linux-gnu/4.8.1/collect2 --eh-frame-hdr -m elf_x86_64 -export-dynamic -dynamic-linker /lib64/ld-linux-x86-64.so.2 -o cmTC_d1f83 /usr/lib/../lib64/crt1.o /usr/lib/../lib64/crti.o /cm/shared/apps/gcc/4.8.1/lib/gcc/x86_64-unknown-linux-gnu/4.8.1/crtbegin.o -L/cm/shared/apps/git/2.16.2/lib64/../lib64 -L/cm/shared/apps/slurm/14.03.11/lib64/../lib64 -L/cm/shared/apps/gcc/4.8.1/lib/gcc/x86_64-unknown-linux-gnu/4.8.1 -L/cm/shared/apps/gcc/4.8.1/lib/gcc/x86_64-unknown-linux-gnu/4.8.1/../../../../lib64 -L/lib/../lib64 -L/usr/lib/../lib64 -L/cm/shared/apps/git/2.16.2/lib64 -L/cm/shared/apps/slurm/14.03.11/lib64/slurm -L/cm/shared/apps/slurm/14.03.11/lib64 -L/cm/shared/apps/gcc/4.8.1/lib/gcc/x86_64-unknown-linux-gnu/4.8.1/../../.. CMakeFiles/cmTC_d1f83.dir/CMakeCXXCompilerABI.cpp.o -lstdc++ -lm -lgcc_s -lgcc -lc -lgcc_s -lgcc /cm/shared/apps/gcc/4.8.1/lib/gcc/x86_64-unknown-linux-gnu/4.8.1/crtend.o /usr/lib/../lib64/crtn.o]
    arg [/cm/shared/apps/gcc/4.8.1/libexec/gcc/x86_64-unknown-linux-gnu/4.8.1/collect2] ==> ignore
    arg [--eh-frame-hdr] ==> ignore
    arg [-m] ==> ignore
    arg [elf_x86_64] ==> ignore
    arg [-export-dynamic] ==> ignore
    arg [-dynamic-linker] ==> ignore
    arg [/lib64/ld-linux-x86-64.so.2] ==> ignore
    arg [-o] ==> ignore
    arg [cmTC_d1f83] ==> ignore
    arg [/usr/lib/../lib64/crt1.o] ==> ignore
    arg [/usr/lib/../lib64/crti.o] ==> ignore
    arg [/cm/shared/apps/gcc/4.8.1/lib/gcc/x86_64-unknown-linux-gnu/4.8.1/crtbegin.o] ==> ignore
    arg [-L/cm/shared/apps/git/2.16.2/lib64/../lib64] ==> dir [/cm/shared/apps/git/2.16.2/lib64/../lib64]
    arg [-L/cm/shared/apps/slurm/14.03.11/lib64/../lib64] ==> dir [/cm/shared/apps/slurm/14.03.11/lib64/../lib64]
    arg [-L/cm/shared/apps/gcc/4.8.1/lib/gcc/x86_64-unknown-linux-gnu/4.8.1] ==> dir [/cm/shared/apps/gcc/4.8.1/lib/gcc/x86_64-unknown-linux-gnu/4.8.1]
    arg [-L/cm/shared/apps/gcc/4.8.1/lib/gcc/x86_64-unknown-linux-gnu/4.8.1/../../../../lib64] ==> dir [/cm/shared/apps/gcc/4.8.1/lib/gcc/x86_64-unknown-linux-gnu/4.8.1/../../../../lib64]
    arg [-L/lib/../lib64] ==> dir [/lib/../lib64]
    arg [-L/usr/lib/../lib64] ==> dir [/usr/lib/../lib64]
    arg [-L/cm/shared/apps/git/2.16.2/lib64] ==> dir [/cm/shared/apps/git/2.16.2/lib64]
    arg [-L/cm/shared/apps/slurm/14.03.11/lib64/slurm] ==> dir [/cm/shared/apps/slurm/14.03.11/lib64/slurm]
    arg [-L/cm/shared/apps/slurm/14.03.11/lib64] ==> dir [/cm/shared/apps/slurm/14.03.11/lib64]
    arg [-L/cm/shared/apps/gcc/4.8.1/lib/gcc/x86_64-unknown-linux-gnu/4.8.1/../../..] ==> dir [/cm/shared/apps/gcc/4.8.1/lib/gcc/x86_64-unknown-linux-gnu/4.8.1/../../..]
    arg [CMakeFiles/cmTC_d1f83.dir/CMakeCXXCompilerABI.cpp.o] ==> ignore
    arg [-lstdc++] ==> lib [stdc++]
    arg [-lm] ==> lib [m]
    arg [-lgcc_s] ==> lib [gcc_s]
    arg [-lgcc] ==> lib [gcc]
    arg [-lc] ==> lib [c]
    arg [-lgcc_s] ==> lib [gcc_s]
    arg [-lgcc] ==> lib [gcc]
    arg [/cm/shared/apps/gcc/4.8.1/lib/gcc/x86_64-unknown-linux-gnu/4.8.1/crtend.o] ==> ignore
    arg [/usr/lib/../lib64/crtn.o] ==> ignore
  remove lib [gcc_s]
  remove lib [gcc]
  remove lib [gcc_s]
  remove lib [gcc]
  collapse library dir [/cm/shared/apps/git/2.16.2/lib64/../lib64] ==> [/cm/shared/apps/git/2.16.2/lib64]
  collapse library dir [/cm/shared/apps/slurm/14.03.11/lib64/../lib64] ==> [/cm/shared/apps/slurm/14.03.11/lib64]
  collapse library dir [/cm/shared/apps/gcc/4.8.1/lib/gcc/x86_64-unknown-linux-gnu/4.8.1] ==> [/cm/shared/apps/gcc/4.8.1/lib/gcc/x86_64-unknown-linux-gnu/4.8.1]
  collapse library dir [/cm/shared/apps/gcc/4.8.1/lib/gcc/x86_64-unknown-linux-gnu/4.8.1/../../../../lib64] ==> [/cm/shared/apps/gcc/4.8.1/lib64]
  collapse library dir [/lib/../lib64] ==> [/lib64]
  collapse library dir [/usr/lib/../lib64] ==> [/usr/lib64]
  collapse library dir [/cm/shared/apps/git/2.16.2/lib64] ==> [/cm/shared/apps/git/2.16.2/lib64]
  collapse library dir [/cm/shared/apps/slurm/14.03.11/lib64/slurm] ==> [/cm/shared/apps/slurm/14.03.11/lib64/slurm]
  collapse library dir [/cm/shared/apps/slurm/14.03.11/lib64] ==> [/cm/shared/apps/slurm/14.03.11/lib64]
  collapse library dir [/cm/shared/apps/gcc/4.8.1/lib/gcc/x86_64-unknown-linux-gnu/4.8.1/../../..] ==> [/cm/shared/apps/gcc/4.8.1/lib]
  implicit libs: [stdc++;m;c]
  implicit dirs: [/cm/shared/apps/git/2.16.2/lib64;/cm/shared/apps/slurm/14.03.11/lib64;/cm/shared/apps/gcc/4.8.1/lib/gcc/x86_64-unknown-linux-gnu/4.8.1;/cm/shared/apps/gcc/4.8.1/lib64;/lib64;/usr/lib64;/cm/shared/apps/slurm/14.03.11/lib64/slurm;/cm/shared/apps/gcc/4.8.1/lib]
  implicit fwks: []




Detecting CXX [-std=c++1y] compiler features compiled with the following output:
Change Dir: /home/ulg/info0939/mhoubart/Integrated_project/test_boman/math0471/build/CMakeFiles/CMakeTmp

Run Build Command:"/usr/bin/gmake" "cmTC_77389/fast"
/usr/bin/gmake -f CMakeFiles/cmTC_77389.dir/build.make CMakeFiles/cmTC_77389.dir/build
gmake[1]: Entering directory `/home/users/m/h/mhoubart/Integrated_project/test_boman/math0471/build/CMakeFiles/CMakeTmp'
Building CXX object CMakeFiles/cmTC_77389.dir/feature_tests.cxx.o
/cm/shared/apps/gcc/4.8.1/bin/c++     -std=c++1y -o CMakeFiles/cmTC_77389.dir/feature_tests.cxx.o -c /home/ulg/info0939/mhoubart/Integrated_project/test_boman/math0471/build/CMakeFiles/feature_tests.cxx
Linking CXX executable cmTC_77389
/cm/shared/apps/cmake/3.5.2/bin/cmake -E cmake_link_script CMakeFiles/cmTC_77389.dir/link.txt --verbose=1
/cm/shared/apps/gcc/4.8.1/bin/c++        CMakeFiles/cmTC_77389.dir/feature_tests.cxx.o  -o cmTC_77389 -rdynamic 
gmake[1]: Leaving directory `/home/users/m/h/mhoubart/Integrated_project/test_boman/math0471/build/CMakeFiles/CMakeTmp'


    Feature record: CXX_FEATURE:0cxx_aggregate_default_initializers
    Feature record: CXX_FEATURE:1cxx_alias_templates
    Feature record: CXX_FEATURE:1cxx_alignas
    Feature record: CXX_FEATURE:1cxx_alignof
    Feature record: CXX_FEATURE:1cxx_attributes
    Feature record: CXX_FEATURE:0cxx_attribute_deprecated
    Feature record: CXX_FEATURE:1cxx_auto_type
    Feature record: CXX_FEATURE:0cxx_binary_literals
    Feature record: CXX_FEATURE:1cxx_constexpr
    Feature record: CXX_FEATURE:0cxx_contextual_conversions
    Feature record: CXX_FEATURE:1cxx_decltype
    Feature record: CXX_FEATURE:0cxx_decltype_auto
    Feature record: CXX_FEATURE:1cxx_decltype_incomplete_return_types
    Feature record: CXX_FEATURE:1cxx_default_function_template_args
    Feature record: CXX_FEATURE:1cxx_defaulted_functions
    Feature record: CXX_FEATURE:1cxx_defaulted_move_initializers
    Feature record: CXX_FEATURE:1cxx_delegating_constructors
    Feature record: CXX_FEATURE:1cxx_deleted_functions
    Feature record: CXX_FEATURE:0cxx_digit_separators
    Feature record: CXX_FEATURE:1cxx_enum_forward_declarations
    Feature record: CXX_FEATURE:1cxx_explicit_conversions
    Feature record: CXX_FEATURE:1cxx_extended_friend_declarations
    Feature record: CXX_FEATURE:1cxx_extern_templates
    Feature record: CXX_FEATURE:1cxx_final
    Feature record: CXX_FEATURE:1cxx_func_identifier
    Feature record: CXX_FEATURE:1cxx_generalized_initializers
    Feature record: CXX_FEATURE:0cxx_generic_lambdas
    Feature record: CXX_FEATURE:1cxx_inheriting_constructors
    Feature record: CXX_FEATURE:1cxx_inline_namespaces
    Feature record: CXX_FEATURE:1cxx_lambdas
    Feature record: CXX_FEATURE:0cxx_lambda_init_captures
    Feature record: CXX_FEATURE:1cxx_local_type_template_args
    Feature record: CXX_FEATURE:1cxx_long_long_type
    Feature record: CXX_FEATURE:1cxx_noexcept
    Feature record: CXX_FEATURE:1cxx_nonstatic_member_init
    Feature record: CXX_FEATURE:1cxx_nullptr
    Feature record: CXX_FEATURE:1cxx_override
    Feature record: CXX_FEATURE:1cxx_range_for
    Feature record: CXX_FEATURE:1cxx_raw_string_literals
    Feature record: CXX_FEATURE:1cxx_reference_qualified_functions
    Feature record: CXX_FEATURE:0cxx_relaxed_constexpr
    Feature record: CXX_FEATURE:0cxx_return_type_deduction
    Feature record: CXX_FEATURE:1cxx_right_angle_brackets
    Feature record: CXX_FEATURE:1cxx_rvalue_references
    Feature record: CXX_FEATURE:1cxx_sizeof_member
    Feature record: CXX_FEATURE:1cxx_static_assert
    Feature record: CXX_FEATURE:1cxx_strong_enums
    Feature record: CXX_FEATURE:1cxx_template_template_parameters
    Feature record: CXX_FEATURE:1cxx_thread_local
    Feature record: CXX_FEATURE:1cxx_trailing_return_types
    Feature record: CXX_FEATURE:1cxx_unicode_literals
    Feature record: CXX_FEATURE:1cxx_uniform_initialization
    Feature record: CXX_FEATURE:1cxx_unrestricted_unions
    Feature record: CXX_FEATURE:1cxx_user_literals
    Feature record: CXX_FEATURE:0cxx_variable_templates
    Feature record: CXX_FEATURE:1cxx_variadic_macros
    Feature record: CXX_FEATURE:1cxx_variadic_templates


Detecting CXX [-std=c++11] compiler features compiled with the following output:
Change Dir: /home/ulg/info0939/mhoubart/Integrated_project/test_boman/math0471/build/CMakeFiles/CMakeTmp

Run Build Command:"/usr/bin/gmake" "cmTC_0b591/fast"
/usr/bin/gmake -f CMakeFiles/cmTC_0b591.dir/build.make CMakeFiles/cmTC_0b591.dir/build
gmake[1]: Entering directory `/home/users/m/h/mhoubart/Integrated_project/test_boman/math0471/build/CMakeFiles/CMakeTmp'
Building CXX object CMakeFiles/cmTC_0b591.dir/feature_tests.cxx.o
/cm/shared/apps/gcc/4.8.1/bin/c++     -std=c++11 -o CMakeFiles/cmTC_0b591.dir/feature_tests.cxx.o -c /home/ulg/info0939/mhoubart/Integrated_project/test_boman/math0471/build/CMakeFiles/feature_tests.cxx
Linking CXX executable cmTC_0b591
/cm/shared/apps/cmake/3.5.2/bin/cmake -E cmake_link_script CMakeFiles/cmTC_0b591.dir/link.txt --verbose=1
/cm/shared/apps/gcc/4.8.1/bin/c++        CMakeFiles/cmTC_0b591.dir/feature_tests.cxx.o  -o cmTC_0b591 -rdynamic 
gmake[1]: Leaving directory `/home/users/m/h/mhoubart/Integrated_project/test_boman/math0471/build/CMakeFiles/CMakeTmp'


    Feature record: CXX_FEATURE:0cxx_aggregate_default_initializers
    Feature record: CXX_FEATURE:1cxx_alias_templates
    Feature record: CXX_FEATURE:1cxx_alignas
    Feature record: CXX_FEATURE:1cxx_alignof
    Feature record: CXX_FEATURE:1cxx_attributes
    Feature record: CXX_FEATURE:0cxx_attribute_deprecated
    Feature record: CXX_FEATURE:1cxx_auto_type
    Feature record: CXX_FEATURE:0cxx_binary_literals
    Feature record: CXX_FEATURE:1cxx_constexpr
    Feature record: CXX_FEATURE:0cxx_contextual_conversions
    Feature record: CXX_FEATURE:1cxx_decltype
    Feature record: CXX_FEATURE:0cxx_decltype_auto
    Feature record: CXX_FEATURE:1cxx_decltype_incomplete_return_types
    Feature record: CXX_FEATURE:1cxx_default_function_template_args
    Feature record: CXX_FEATURE:1cxx_defaulted_functions
    Feature record: CXX_FEATURE:1cxx_defaulted_move_initializers
    Feature record: CXX_FEATURE:1cxx_delegating_constructors
    Feature record: CXX_FEATURE:1cxx_deleted_functions
    Feature record: CXX_FEATURE:0cxx_digit_separators
    Feature record: CXX_FEATURE:1cxx_enum_forward_declarations
    Feature record: CXX_FEATURE:1cxx_explicit_conversions
    Feature record: CXX_FEATURE:1cxx_extended_friend_declarations
    Feature record: CXX_FEATURE:1cxx_extern_templates
    Feature record: CXX_FEATURE:1cxx_final
    Feature record: CXX_FEATURE:1cxx_func_identifier
    Feature record: CXX_FEATURE:1cxx_generalized_initializers
    Feature record: CXX_FEATURE:0cxx_generic_lambdas
    Feature record: CXX_FEATURE:1cxx_inheriting_constructors
    Feature record: CXX_FEATURE:1cxx_inline_namespaces
    Feature record: CXX_FEATURE:1cxx_lambdas
    Feature record: CXX_FEATURE:0cxx_lambda_init_captures
    Feature record: CXX_FEATURE:1cxx_local_type_template_args
    Feature record: CXX_FEATURE:1cxx_long_long_type
    Feature record: CXX_FEATURE:1cxx_noexcept
    Feature record: CXX_FEATURE:1cxx_nonstatic_member_init
    Feature record: CXX_FEATURE:1cxx_nullptr
    Feature record: CXX_FEATURE:1cxx_override
    Feature record: CXX_FEATURE:1cxx_range_for
    Feature record: CXX_FEATURE:1cxx_raw_string_literals
    Feature record: CXX_FEATURE:1cxx_reference_qualified_functions
    Feature record: CXX_FEATURE:0cxx_relaxed_constexpr
    Feature record: CXX_FEATURE:0cxx_return_type_deduction
    Feature record: CXX_FEATURE:1cxx_right_angle_brackets
    Feature record: CXX_FEATURE:1cxx_rvalue_references
    Feature record: CXX_FEATURE:1cxx_sizeof_member
    Feature record: CXX_FEATURE:1cxx_static_assert
    Feature record: CXX_FEATURE:1cxx_strong_enums
    Feature record: CXX_FEATURE:1cxx_template_template_parameters
    Feature record: CXX_FEATURE:1cxx_thread_local
    Feature record: CXX_FEATURE:1cxx_trailing_return_types
    Feature record: CXX_FEATURE:1cxx_unicode_literals
    Feature record: CXX_FEATURE:1cxx_uniform_initialization
    Feature record: CXX_FEATURE:1cxx_unrestricted_unions
    Feature record: CXX_FEATURE:1cxx_user_literals
    Feature record: CXX_FEATURE:0cxx_variable_templates
    Feature record: CXX_FEATURE:1cxx_variadic_macros
    Feature record: CXX_FEATURE:1cxx_variadic_templates


Detecting CXX [-std=c++98] compiler features compiled with the following output:
Change Dir: /home/ulg/info0939/mhoubart/Integrated_project/test_boman/math0471/build/CMakeFiles/CMakeTmp

Run Build Command:"/usr/bin/gmake" "cmTC_fde94/fast"
/usr/bin/gmake -f CMakeFiles/cmTC_fde94.dir/build.make CMakeFiles/cmTC_fde94.dir/build
gmake[1]: Entering directory `/home/users/m/h/mhoubart/Integrated_project/test_boman/math0471/build/CMakeFiles/CMakeTmp'
Building CXX object CMakeFiles/cmTC_fde94.dir/feature_tests.cxx.o
/cm/shared/apps/gcc/4.8.1/bin/c++     -std=c++98 -o CMakeFiles/cmTC_fde94.dir/feature_tests.cxx.o -c /home/ulg/info0939/mhoubart/Integrated_project/test_boman/math0471/build/CMakeFiles/feature_tests.cxx
Linking CXX executable cmTC_fde94
/cm/shared/apps/cmake/3.5.2/bin/cmake -E cmake_link_script CMakeFiles/cmTC_fde94.dir/link.txt --verbose=1
/cm/shared/apps/gcc/4.8.1/bin/c++        CMakeFiles/cmTC_fde94.dir/feature_tests.cxx.o  -o cmTC_fde94 -rdynamic 
gmake[1]: Leaving directory `/home/users/m/h/mhoubart/Integrated_project/test_boman/math0471/build/CMakeFiles/CMakeTmp'


    Feature record: CXX_FEATURE:0cxx_aggregate_default_initializers
    Feature record: CXX_FEATURE:0cxx_alias_templates
    Feature record: CXX_FEATURE:0cxx_alignas
    Feature record: CXX_FEATURE:0cxx_alignof
    Feature record: CXX_FEATURE:0cxx_attributes
    Feature record: CXX_FEATURE:0cxx_attribute_deprecated
    Feature record: CXX_FEATURE:0cxx_auto_type
    Feature record: CXX_FEATURE:0cxx_binary_literals
    Feature record: CXX_FEATURE:0cxx_constexpr
    Feature record: CXX_FEATURE:0cxx_contextual_conversions
    Feature record: CXX_FEATURE:0cxx_decltype
    Feature record: CXX_FEATURE:0cxx_decltype_auto
    Feature record: CXX_FEATURE:0cxx_decltype_incomplete_return_types
    Feature record: CXX_FEATURE:0cxx_default_function_template_args
    Feature record: CXX_FEATURE:0cxx_defaulted_functions
    Feature record: CXX_FEATURE:0cxx_defaulted_move_initializers
    Feature record: CXX_FEATURE:0cxx_delegating_constructors
    Feature record: CXX_FEATURE:0cxx_deleted_functions
    Feature record: CXX_FEATURE:0cxx_digit_separators
    Feature record: CXX_FEATURE:0cxx_enum_forward_declarations
    Feature record: CXX_FEATURE:0cxx_explicit_conversions
    Feature record: CXX_FEATURE:0cxx_extended_friend_declarations
    Feature record: CXX_FEATURE:0cxx_extern_templates
    Feature record: CXX_FEATURE:0cxx_final
    Feature record: CXX_FEATURE:0cxx_func_identifier
    Feature record: CXX_FEATURE:0cxx_generalized_initializers
    Feature record: CXX_FEATURE:0cxx_generic_lambdas
    Feature record: CXX_FEATURE:0cxx_inheriting_constructors
    Feature record: CXX_FEATURE:0cxx_inline_namespaces
    Feature record: CXX_FEATURE:0cxx_lambdas
    Feature record: CXX_FEATURE:0cxx_lambda_init_captures
    Feature record: CXX_FEATURE:0cxx_local_type_template_args
    Feature record: CXX_FEATURE:0cxx_long_long_type
    Feature record: CXX_FEATURE:0cxx_noexcept
    Feature record: CXX_FEATURE:0cxx_nonstatic_member_init
    Feature record: CXX_FEATURE:0cxx_nullptr
    Feature record: CXX_FEATURE:0cxx_override
    Feature record: CXX_FEATURE:0cxx_range_for
    Feature record: CXX_FEATURE:0cxx_raw_string_literals
    Feature record: CXX_FEATURE:0cxx_reference_qualified_functions
    Feature record: CXX_FEATURE:0cxx_relaxed_constexpr
    Feature record: CXX_FEATURE:0cxx_return_type_deduction
    Feature record: CXX_FEATURE:0cxx_right_angle_brackets
    Feature record: CXX_FEATURE:0cxx_rvalue_references
    Feature record: CXX_FEATURE:0cxx_sizeof_member
    Feature record: CXX_FEATURE:0cxx_static_assert
    Feature record: CXX_FEATURE:0cxx_strong_enums
    Feature record: CXX_FEATURE:1cxx_template_template_parameters
    Feature record: CXX_FEATURE:0cxx_thread_local
    Feature record: CXX_FEATURE:0cxx_trailing_return_types
    Feature record: CXX_FEATURE:0cxx_unicode_literals
    Feature record: CXX_FEATURE:0cxx_uniform_initialization
    Feature record: CXX_FEATURE:0cxx_unrestricted_unions
    Feature record: CXX_FEATURE:0cxx_user_literals
    Feature record: CXX_FEATURE:0cxx_variable_templates
    Feature record: CXX_FEATURE:0cxx_variadic_macros
    Feature record: CXX_FEATURE:0cxx_variadic_templates
Performing C++ SOURCE FILE Test STD11CHECK succeeded with the following output:
Change Dir: /home/ulg/info0939/mhoubart/Integrated_project/test_boman/math0471/build/CMakeFiles/CMakeTmp

Run Build Command:"/usr/bin/gmake" "cmTC_c9fd9/fast"
/usr/bin/gmake -f CMakeFiles/cmTC_c9fd9.dir/build.make CMakeFiles/cmTC_c9fd9.dir/build
gmake[1]: Entering directory `/home/users/m/h/mhoubart/Integrated_project/test_boman/math0471/build/CMakeFiles/CMakeTmp'
Building CXX object CMakeFiles/cmTC_c9fd9.dir/src.cxx.o
/cm/shared/apps/gcc/4.8.1/bin/c++     -DSTD11CHECK   -std=c++11 -o CMakeFiles/cmTC_c9fd9.dir/src.cxx.o -c /home/ulg/info0939/mhoubart/Integrated_project/test_boman/math0471/build/CMakeFiles/CMakeTmp/src.cxx
Linking CXX executable cmTC_c9fd9
/cm/shared/apps/cmake/3.5.2/bin/cmake -E cmake_link_script CMakeFiles/cmTC_c9fd9.dir/link.txt --verbose=1
/cm/shared/apps/gcc/4.8.1/bin/c++    -DSTD11CHECK    CMakeFiles/cmTC_c9fd9.dir/src.cxx.o  -o cmTC_c9fd9 -rdynamic 
gmake[1]: Leaving directory `/home/users/m/h/mhoubart/Integrated_project/test_boman/math0471/build/CMakeFiles/CMakeTmp'

Source file was:
int main() { return 0; }
Performing C++ SOURCE FILE Test OpenMP_FLAG_DETECTED succeeded with the following output:
Change Dir: /home/ulg/info0939/mhoubart/Integrated_project/test_boman/math0471/build/CMakeFiles/CMakeTmp

Run Build Command:"/usr/bin/gmake" "cmTC_09a31/fast"
/usr/bin/gmake -f CMakeFiles/cmTC_09a31.dir/build.make CMakeFiles/cmTC_09a31.dir/build
gmake[1]: Entering directory `/home/users/m/h/mhoubart/Integrated_project/test_boman/math0471/build/CMakeFiles/CMakeTmp'
Building CXX object CMakeFiles/cmTC_09a31.dir/src.cxx.o
/cm/shared/apps/gcc/4.8.1/bin/c++     -DOpenMP_FLAG_DETECTED -fopenmp   -o CMakeFiles/cmTC_09a31.dir/src.cxx.o -c /home/ulg/info0939/mhoubart/Integrated_project/test_boman/math0471/build/CMakeFiles/CMakeTmp/src.cxx
Linking CXX executable cmTC_09a31
/cm/shared/apps/cmake/3.5.2/bin/cmake -E cmake_link_script CMakeFiles/cmTC_09a31.dir/link.txt --verbose=1
/cm/shared/apps/gcc/4.8.1/bin/c++    -DOpenMP_FLAG_DETECTED -fopenmp    CMakeFiles/cmTC_09a31.dir/src.cxx.o  -o cmTC_09a31 -rdynamic 
gmake[1]: Leaving directory `/home/users/m/h/mhoubart/Integrated_project/test_boman/math0471/build/CMakeFiles/CMakeTmp'

Source file was:

#include <omp.h>
int main() {
#ifdef _OPENMP
  return 0;
#else
  breaks_on_purpose
#endif
}

The system is: Linux - 2.6.32-279.22.1.el6.x86_64 - x86_64
Compiling the CXX compiler identification source file "CMakeCXXCompilerId.cpp" succeeded.
Compiler: /cm/shared/apps/gcc/4.8.1/bin/c++ 
Build flags: 
Id flags: 

The output was:
0


Compilation of the CXX compiler identification source "CMakeCXXCompilerId.cpp" produced "a.out"

The CXX compiler identification is GNU, found in "/home/ulg/info0939/mhoubart/Integrated_project/test_boman/math0471/build/CMakeFiles/2.8.12.2/CompilerIdCXX/a.out"

Determining if the CXX compiler works passed with the following output:
Change Dir: /home/ulg/info0939/mhoubart/Integrated_project/test_boman/math0471/build/CMakeFiles/CMakeTmp

Run Build Command:/usr/bin/gmake "cmTryCompileExec1178462248/fast"
/usr/bin/gmake -f CMakeFiles/cmTryCompileExec1178462248.dir/build.make CMakeFiles/cmTryCompileExec1178462248.dir/build
gmake[1]: Entering directory `/home/users/m/h/mhoubart/Integrated_project/test_boman/math0471/build/CMakeFiles/CMakeTmp'
/usr/bin/cmake -E cmake_progress_report /home/ulg/info0939/mhoubart/Integrated_project/test_boman/math0471/build/CMakeFiles/CMakeTmp/CMakeFiles 1
Building CXX object CMakeFiles/cmTryCompileExec1178462248.dir/testCXXCompiler.cxx.o
/cm/shared/apps/gcc/4.8.1/bin/c++     -o CMakeFiles/cmTryCompileExec1178462248.dir/testCXXCompiler.cxx.o -c /home/ulg/info0939/mhoubart/Integrated_project/test_boman/math0471/build/CMakeFiles/CMakeTmp/testCXXCompiler.cxx
Linking CXX executable cmTryCompileExec1178462248
/usr/bin/cmake -E cmake_link_script CMakeFiles/cmTryCompileExec1178462248.dir/link.txt --verbose=1
/cm/shared/apps/gcc/4.8.1/bin/c++        CMakeFiles/cmTryCompileExec1178462248.dir/testCXXCompiler.cxx.o  -o cmTryCompileExec1178462248 -rdynamic 
gmake[1]: Leaving directory `/home/users/m/h/mhoubart/Integrated_project/test_boman/math0471/build/CMakeFiles/CMakeTmp'


Detecting CXX compiler ABI info compiled with the following output:
Change Dir: /home/ulg/info0939/mhoubart/Integrated_project/test_boman/math0471/build/CMakeFiles/CMakeTmp

Run Build Command:/usr/bin/gmake "cmTryCompileExec1225033096/fast"
/usr/bin/gmake -f CMakeFiles/cmTryCompileExec1225033096.dir/build.make CMakeFiles/cmTryCompileExec1225033096.dir/build
gmake[1]: Entering directory `/home/users/m/h/mhoubart/Integrated_project/test_boman/math0471/build/CMakeFiles/CMakeTmp'
/usr/bin/cmake -E cmake_progress_report /home/ulg/info0939/mhoubart/Integrated_project/test_boman/math0471/build/CMakeFiles/CMakeTmp/CMakeFiles 1
Building CXX object CMakeFiles/cmTryCompileExec1225033096.dir/CMakeCXXCompilerABI.cpp.o
/cm/shared/apps/gcc/4.8.1/bin/c++     -o CMakeFiles/cmTryCompileExec1225033096.dir/CMakeCXXCompilerABI.cpp.o -c /usr/share/cmake/Modules/CMakeCXXCompilerABI.cpp
Linking CXX executable cmTryCompileExec1225033096
/usr/bin/cmake -E cmake_link_script CMakeFiles/cmTryCompileExec1225033096.dir/link.txt --verbose=1
/cm/shared/apps/gcc/4.8.1/bin/c++      -v CMakeFiles/cmTryCompileExec1225033096.dir/CMakeCXXCompilerABI.cpp.o  -o cmTryCompileExec1225033096 -rdynamic  
Using built-in specs.
COLLECT_GCC=/cm/shared/apps/gcc/4.8.1/bin/c++
COLLECT_LTO_WRAPPER=/cm/shared/apps/gcc/4.8.1/libexec/gcc/x86_64-unknown-linux-gnu/4.8.1/lto-wrapper
Target: x86_64-unknown-linux-gnu
Configured with: ../gcc-4.8.1/configure --prefix=/cm/shared/apps/gcc/4.8.1 --enable-languages=c,c++,fortran --with-gmp-include=/usr/src/redhat/BUILD/gcc-4.8.1-obj/../gcc-4.8.1/our-gmp --with-gmp-lib=/usr/src/redhat/BUILD/gcc-4.8.1-obj/../gcc-4.8.1/our-gmp --with-mpc-include=/usr/src/redhat/BUILD/gcc-4.8.1-obj/../gcc-4.8.1/our-mpc/src --with-mpc-lib=/usr/src/redhat/BUILD/gcc-4.8.1-obj/../gcc-4.8.1/our-mpc/src/.libs --with-mpfr-include=/usr/src/redhat/BUILD/gcc-4.8.1-obj/../gcc-4.8.1/our-mpfr/src --with-mpfr-lib=/usr/src/redhat/BUILD/gcc-4.8.1-obj/../gcc-4.8.1/our-mpfr/src/.libs
Thread model: posix
gcc version 4.8.1 (GCC) 
COMPILER_PATH=/cm/shared/apps/gcc/4.8.1/libexec/gcc/x86_64-unknown-linux-gnu/4.8.1/:/cm/shared/apps/gcc/4.8.1/libexec/gcc/x86_64-unknown-linux-gnu/4.8.1/:/cm/shared/apps/gcc/4.8.1/libexec/gcc/x86_64-unknown-linux-gnu/:/cm/shared/apps/gcc/4.8.1/lib/gcc/x86_64-unknown-linux-gnu/4.8.1/:/cm/shared/apps/gcc/4.8.1/lib/gcc/x86_64-unknown-linux-gnu/
LIBRARY_PATH=/cm/shared/apps/slurm/14.03.11/lib64/../lib64/:/cm/shared/apps/gcc/4.8.1/lib/gcc/x86_64-unknown-linux-gnu/4.8.1/:/cm/shared/apps/gcc/4.8.1/lib/gcc/x86_64-unknown-linux-gnu/4.8.1/../../../../lib64/:/lib/../lib64/:/usr/lib/../lib64/:/cm/shared/apps/slurm/14.03.11/lib64/slurm/:/cm/shared/apps/slurm/14.03.11/lib64/:/cm/shared/apps/gcc/4.8.1/lib/gcc/x86_64-unknown-linux-gnu/4.8.1/../../../:/lib/:/usr/lib/
COLLECT_GCC_OPTIONS='-v' '-o' 'cmTryCompileExec1225033096' '-rdynamic' '-shared-libgcc' '-mtune=generic' '-march=x86-64'
 /cm/shared/apps/gcc/4.8.1/libexec/gcc/x86_64-unknown-linux-gnu/4.8.1/collect2 --eh-frame-hdr -m elf_x86_64 -export-dynamic -dynamic-linker /lib64/ld-linux-x86-64.so.2 -o cmTryCompileExec1225033096 /usr/lib/../lib64/crt1.o /usr/lib/../lib64/crti.o /cm/shared/apps/gcc/4.8.1/lib/gcc/x86_64-unknown-linux-gnu/4.8.1/crtbegin.o -L/cm/shared/apps/slurm/14.03.11/lib64/../lib64 -L/cm/shared/apps/gcc/4.8.1/lib/gcc/x86_64-unknown-linux-gnu/4.8.1 -L/cm/shared/apps/gcc/4.8.1/lib/gcc/x86_64-unknown-linux-gnu/4.8.1/../../../../lib64 -L/lib/../lib64 -L/usr/lib/../lib64 -L/cm/shared/apps/slurm/14.03.11/lib64/slurm -L/cm/shared/apps/slurm/14.03.11/lib64 -L/cm/shared/apps/gcc/4.8.1/lib/gcc/x86_64-unknown-linux-gnu/4.8.1/../../.. CMakeFiles/cmTryCompileExec1225033096.dir/CMakeCXXCompilerABI.cpp.o -lstdc++ -lm -lgcc_s -lgcc -lc -lgcc_s -lgcc /cm/shared/apps/gcc/4.8.1/lib/gcc/x86_64-unknown-linux-gnu/4.8.1/crtend.o /usr/lib/../lib64/crtn.o
gmake[1]: Leaving directory `/home/users/m/h/mhoubart/Integrated_project/test_boman/math0471/build/CMakeFiles/CMakeTmp'


Parsed CXX implicit link information from above output:
  link line regex: [^( *|.*[/\])(ld|([^/\]+-)?ld|collect2)[^/\]*( |$)]
  ignore line: [Change Dir: /home/ulg/info0939/mhoubart/Integrated_project/test_boman/math0471/build/CMakeFiles/CMakeTmp]
  ignore line: []
  ignore line: [Run Build Command:/usr/bin/gmake "cmTryCompileExec1225033096/fast"]
  ignore line: [/usr/bin/gmake -f CMakeFiles/cmTryCompileExec1225033096.dir/build.make CMakeFiles/cmTryCompileExec1225033096.dir/build]
  ignore line: [gmake[1]: Entering directory `/home/users/m/h/mhoubart/Integrated_project/test_boman/math0471/build/CMakeFiles/CMakeTmp']
  ignore line: [/usr/bin/cmake -E cmake_progress_report /home/ulg/info0939/mhoubart/Integrated_project/test_boman/math0471/build/CMakeFiles/CMakeTmp/CMakeFiles 1]
  ignore line: [Building CXX object CMakeFiles/cmTryCompileExec1225033096.dir/CMakeCXXCompilerABI.cpp.o]
  ignore line: [/cm/shared/apps/gcc/4.8.1/bin/c++     -o CMakeFiles/cmTryCompileExec1225033096.dir/CMakeCXXCompilerABI.cpp.o -c /usr/share/cmake/Modules/CMakeCXXCompilerABI.cpp]
  ignore line: [Linking CXX executable cmTryCompileExec1225033096]
  ignore line: [/usr/bin/cmake -E cmake_link_script CMakeFiles/cmTryCompileExec1225033096.dir/link.txt --verbose=1]
  ignore line: [/cm/shared/apps/gcc/4.8.1/bin/c++      -v CMakeFiles/cmTryCompileExec1225033096.dir/CMakeCXXCompilerABI.cpp.o  -o cmTryCompileExec1225033096 -rdynamic  ]
  ignore line: [Using built-in specs.]
  ignore line: [COLLECT_GCC=/cm/shared/apps/gcc/4.8.1/bin/c++]
  ignore line: [COLLECT_LTO_WRAPPER=/cm/shared/apps/gcc/4.8.1/libexec/gcc/x86_64-unknown-linux-gnu/4.8.1/lto-wrapper]
  ignore line: [Target: x86_64-unknown-linux-gnu]
  ignore line: [Configured with: ../gcc-4.8.1/configure --prefix=/cm/shared/apps/gcc/4.8.1 --enable-languages=c,c++,fortran --with-gmp-include=/usr/src/redhat/BUILD/gcc-4.8.1-obj/../gcc-4.8.1/our-gmp --with-gmp-lib=/usr/src/redhat/BUILD/gcc-4.8.1-obj/../gcc-4.8.1/our-gmp --with-mpc-include=/usr/src/redhat/BUILD/gcc-4.8.1-obj/../gcc-4.8.1/our-mpc/src --with-mpc-lib=/usr/src/redhat/BUILD/gcc-4.8.1-obj/../gcc-4.8.1/our-mpc/src/.libs --with-mpfr-include=/usr/src/redhat/BUILD/gcc-4.8.1-obj/../gcc-4.8.1/our-mpfr/src --with-mpfr-lib=/usr/src/redhat/BUILD/gcc-4.8.1-obj/../gcc-4.8.1/our-mpfr/src/.libs]
  ignore line: [Thread model: posix]
  ignore line: [gcc version 4.8.1 (GCC) ]
  ignore line: [COMPILER_PATH=/cm/shared/apps/gcc/4.8.1/libexec/gcc/x86_64-unknown-linux-gnu/4.8.1/:/cm/shared/apps/gcc/4.8.1/libexec/gcc/x86_64-unknown-linux-gnu/4.8.1/:/cm/shared/apps/gcc/4.8.1/libexec/gcc/x86_64-unknown-linux-gnu/:/cm/shared/apps/gcc/4.8.1/lib/gcc/x86_64-unknown-linux-gnu/4.8.1/:/cm/shared/apps/gcc/4.8.1/lib/gcc/x86_64-unknown-linux-gnu/]
  ignore line: [LIBRARY_PATH=/cm/shared/apps/slurm/14.03.11/lib64/../lib64/:/cm/shared/apps/gcc/4.8.1/lib/gcc/x86_64-unknown-linux-gnu/4.8.1/:/cm/shared/apps/gcc/4.8.1/lib/gcc/x86_64-unknown-linux-gnu/4.8.1/../../../../lib64/:/lib/../lib64/:/usr/lib/../lib64/:/cm/shared/apps/slurm/14.03.11/lib64/slurm/:/cm/shared/apps/slurm/14.03.11/lib64/:/cm/shared/apps/gcc/4.8.1/lib/gcc/x86_64-unknown-linux-gnu/4.8.1/../../../:/lib/:/usr/lib/]
  ignore line: [COLLECT_GCC_OPTIONS='-v' '-o' 'cmTryCompileExec1225033096' '-rdynamic' '-shared-libgcc' '-mtune=generic' '-march=x86-64']
  link line: [ /cm/shared/apps/gcc/4.8.1/libexec/gcc/x86_64-unknown-linux-gnu/4.8.1/collect2 --eh-frame-hdr -m elf_x86_64 -export-dynamic -dynamic-linker /lib64/ld-linux-x86-64.so.2 -o cmTryCompileExec1225033096 /usr/lib/../lib64/crt1.o /usr/lib/../lib64/crti.o /cm/shared/apps/gcc/4.8.1/lib/gcc/x86_64-unknown-linux-gnu/4.8.1/crtbegin.o -L/cm/shared/apps/slurm/14.03.11/lib64/../lib64 -L/cm/shared/apps/gcc/4.8.1/lib/gcc/x86_64-unknown-linux-gnu/4.8.1 -L/cm/shared/apps/gcc/4.8.1/lib/gcc/x86_64-unknown-linux-gnu/4.8.1/../../../../lib64 -L/lib/../lib64 -L/usr/lib/../lib64 -L/cm/shared/apps/slurm/14.03.11/lib64/slurm -L/cm/shared/apps/slurm/14.03.11/lib64 -L/cm/shared/apps/gcc/4.8.1/lib/gcc/x86_64-unknown-linux-gnu/4.8.1/../../.. CMakeFiles/cmTryCompileExec1225033096.dir/CMakeCXXCompilerABI.cpp.o -lstdc++ -lm -lgcc_s -lgcc -lc -lgcc_s -lgcc /cm/shared/apps/gcc/4.8.1/lib/gcc/x86_64-unknown-linux-gnu/4.8.1/crtend.o /usr/lib/../lib64/crtn.o]
    arg [/cm/shared/apps/gcc/4.8.1/libexec/gcc/x86_64-unknown-linux-gnu/4.8.1/collect2] ==> ignore
    arg [--eh-frame-hdr] ==> ignore
    arg [-m] ==> ignore
    arg [elf_x86_64] ==> ignore
    arg [-export-dynamic] ==> ignore
    arg [-dynamic-linker] ==> ignore
    arg [/lib64/ld-linux-x86-64.so.2] ==> ignore
    arg [-o] ==> ignore
    arg [cmTryCompileExec1225033096] ==> ignore
    arg [/usr/lib/../lib64/crt1.o] ==> ignore
    arg [/usr/lib/../lib64/crti.o] ==> ignore
    arg [/cm/shared/apps/gcc/4.8.1/lib/gcc/x86_64-unknown-linux-gnu/4.8.1/crtbegin.o] ==> ignore
    arg [-L/cm/shared/apps/slurm/14.03.11/lib64/../lib64] ==> dir [/cm/shared/apps/slurm/14.03.11/lib64/../lib64]
    arg [-L/cm/shared/apps/gcc/4.8.1/lib/gcc/x86_64-unknown-linux-gnu/4.8.1] ==> dir [/cm/shared/apps/gcc/4.8.1/lib/gcc/x86_64-unknown-linux-gnu/4.8.1]
    arg [-L/cm/shared/apps/gcc/4.8.1/lib/gcc/x86_64-unknown-linux-gnu/4.8.1/../../../../lib64] ==> dir [/cm/shared/apps/gcc/4.8.1/lib/gcc/x86_64-unknown-linux-gnu/4.8.1/../../../../lib64]
    arg [-L/lib/../lib64] ==> dir [/lib/../lib64]
    arg [-L/usr/lib/../lib64] ==> dir [/usr/lib/../lib64]
    arg [-L/cm/shared/apps/slurm/14.03.11/lib64/slurm] ==> dir [/cm/shared/apps/slurm/14.03.11/lib64/slurm]
    arg [-L/cm/shared/apps/slurm/14.03.11/lib64] ==> dir [/cm/shared/apps/slurm/14.03.11/lib64]
    arg [-L/cm/shared/apps/gcc/4.8.1/lib/gcc/x86_64-unknown-linux-gnu/4.8.1/../../..] ==> dir [/cm/shared/apps/gcc/4.8.1/lib/gcc/x86_64-unknown-linux-gnu/4.8.1/../../..]
    arg [CMakeFiles/cmTryCompileExec1225033096.dir/CMakeCXXCompilerABI.cpp.o] ==> ignore
    arg [-lstdc++] ==> lib [stdc++]
    arg [-lm] ==> lib [m]
    arg [-lgcc_s] ==> lib [gcc_s]
    arg [-lgcc] ==> lib [gcc]
    arg [-lc] ==> lib [c]
    arg [-lgcc_s] ==> lib [gcc_s]
    arg [-lgcc] ==> lib [gcc]
    arg [/cm/shared/apps/gcc/4.8.1/lib/gcc/x86_64-unknown-linux-gnu/4.8.1/crtend.o] ==> ignore
    arg [/usr/lib/../lib64/crtn.o] ==> ignore
  remove lib [gcc_s]
  remove lib [gcc]
  remove lib [gcc_s]
  remove lib [gcc]
  collapse library dir [/cm/shared/apps/slurm/14.03.11/lib64/../lib64] ==> [/cm/shared/apps/slurm/14.03.11/lib64]
  collapse library dir [/cm/shared/apps/gcc/4.8.1/lib/gcc/x86_64-unknown-linux-gnu/4.8.1] ==> [/cm/shared/apps/gcc/4.8.1/lib/gcc/x86_64-unknown-linux-gnu/4.8.1]
  collapse library dir [/cm/shared/apps/gcc/4.8.1/lib/gcc/x86_64-unknown-linux-gnu/4.8.1/../../../../lib64] ==> [/cm/shared/apps/gcc/4.8.1/lib64]
  collapse library dir [/lib/../lib64] ==> [/lib64]
  collapse library dir [/usr/lib/../lib64] ==> [/usr/lib64]
  collapse library dir [/cm/shared/apps/slurm/14.03.11/lib64/slurm] ==> [/cm/shared/apps/slurm/14.03.11/lib64/slurm]
  collapse library dir [/cm/shared/apps/slurm/14.03.11/lib64] ==> [/cm/shared/apps/slurm/14.03.11/lib64]
  collapse library dir [/cm/shared/apps/gcc/4.8.1/lib/gcc/x86_64-unknown-linux-gnu/4.8.1/../../..] ==> [/cm/shared/apps/gcc/4.8.1/lib]
  implicit libs: [stdc++;m;c]
  implicit dirs: [/cm/shared/apps/slurm/14.03.11/lib64;/cm/shared/apps/gcc/4.8.1/lib/gcc/x86_64-unknown-linux-gnu/4.8.1;/cm/shared/apps/gcc/4.8.1/lib64;/lib64;/usr/lib64;/cm/shared/apps/slurm/14.03.11/lib64/slurm;/cm/shared/apps/gcc/4.8.1/lib]
  implicit fwks: []


